<?xml version="1.0" encoding="UTF-8"?>
<robot generator="Robot 3.1.2 (Python 3.8.1 on win32)" generated="20200319 14:40:20.604" rpa="false">
<suite id="s1" name="123 Test Cases" source="C:\development\robot-scripts\123\TestCases\Nitin.Borse\123_Test_Cases.robot">
<kw name="Begining the test" library="GlobalKeywords" type="setup">
<kw name="Open Browser" library="SeleniumLibrary">
<doc>Opens a new browser instance to the optional ``url``.</doc>
<arguments>
<arg>about:blank</arg>
<arg>chrome</arg>
</arguments>
<msg timestamp="20200319 14:40:21.034" level="INFO">Opening browser 'chrome' to base url 'about:blank'.</msg>
<status status="PASS" starttime="20200319 14:40:21.034" endtime="20200319 14:40:23.368"></status>
</kw>
<kw name="Maximize Browser Window" library="SeleniumLibrary">
<doc>Maximizes current browser window.</doc>
<status status="PASS" starttime="20200319 14:40:23.368" endtime="20200319 14:40:24.482"></status>
</kw>
<status status="PASS" starttime="20200319 14:40:21.034" endtime="20200319 14:40:24.482"></status>
</kw>
<test id="s1-t1" name="Login To The Demoshop">
<kw name="Navigate to" library="GlobalKeywords">
<kw name="Go To" library="SeleniumLibrary">
<doc>Navigates the current browser window to the provided ``url``.</doc>
<arguments>
<arg>${URL}</arg>
</arguments>
<msg timestamp="20200319 14:40:24.485" level="INFO">Opening url 'https://uat.123.co.th/DemoShopping/shopping.aspx'</msg>
<status status="PASS" starttime="20200319 14:40:24.485" endtime="20200319 14:40:53.579"></status>
</kw>
<status status="PASS" starttime="20200319 14:40:24.484" endtime="20200319 14:40:53.580"></status>
</kw>
<kw name="Verify page is loaded" library="GlobalKeywords">
<kw name="Page Should Contain Element" library="SeleniumLibrary">
<doc>Verifies that element ``locator`` is found on the current page.</doc>
<arguments>
<arg>xpath=/html/body/div[1]/div</arg>
<arg>123 Demo Shop</arg>
</arguments>
<msg timestamp="20200319 14:40:53.603" level="INFO">Current page contains element 'xpath=/html/body/div[1]/div'.</msg>
<status status="PASS" starttime="20200319 14:40:53.581" endtime="20200319 14:40:53.603"></status>
</kw>
<status status="PASS" starttime="20200319 14:40:53.580" endtime="20200319 14:40:53.603"></status>
</kw>
<doc>This is test 1</doc>
<tags>
<tag>Test1</tag>
</tags>
<status status="PASS" starttime="20200319 14:40:24.482" endtime="20200319 14:40:53.604" critical="yes"></status>
</test>
<test id="s1-t2" name="&quot;Landing&quot; page should match requirements">
<kw name="Verify Landing page content" library="GlobalKeywords">
<kw name="Page Should Contain Image" library="SeleniumLibrary">
<doc>Verifies image identified by ``locator`` is found from current page.</doc>
<arguments>
<arg>xpath=//*[@id="form1"]/div[3]/table[1]/tbody/tr[1]/td[1]/img</arg>
</arguments>
<msg timestamp="20200319 14:40:53.631" level="INFO">Current page contains image 'xpath=//*[@id="form1"]/div[3]/table[1]/tbody/tr[1]/td[1]/img'.</msg>
<status status="PASS" starttime="20200319 14:40:53.607" endtime="20200319 14:40:53.631"></status>
</kw>
<kw name="Page Should Contain Image" library="SeleniumLibrary">
<doc>Verifies image identified by ``locator`` is found from current page.</doc>
<arguments>
<arg>xpath=//*[@id="form1"]/div[3]/table[1]/tbody/tr[1]/td[3]/img</arg>
</arguments>
<msg timestamp="20200319 14:40:53.654" level="INFO">Current page contains image 'xpath=//*[@id="form1"]/div[3]/table[1]/tbody/tr[1]/td[3]/img'.</msg>
<status status="PASS" starttime="20200319 14:40:53.631" endtime="20200319 14:40:53.654"></status>
</kw>
<kw name="Page Should Contain Image" library="SeleniumLibrary">
<doc>Verifies image identified by ``locator`` is found from current page.</doc>
<arguments>
<arg>xpath=//*[@id="form1"]/div[3]/table[1]/tbody/tr[1]/td[5]/img</arg>
</arguments>
<msg timestamp="20200319 14:40:53.676" level="INFO">Current page contains image 'xpath=//*[@id="form1"]/div[3]/table[1]/tbody/tr[1]/td[5]/img'.</msg>
<status status="PASS" starttime="20200319 14:40:53.655" endtime="20200319 14:40:53.676"></status>
</kw>
<kw name="Page Should Contain Image" library="SeleniumLibrary">
<doc>Verifies image identified by ``locator`` is found from current page.</doc>
<arguments>
<arg>xpath=//*[@id="form1"]/div[3]/table[1]/tbody/tr[1]/td[7]/img</arg>
</arguments>
<msg timestamp="20200319 14:40:53.699" level="INFO">Current page contains image 'xpath=//*[@id="form1"]/div[3]/table[1]/tbody/tr[1]/td[7]/img'.</msg>
<status status="PASS" starttime="20200319 14:40:53.676" endtime="20200319 14:40:53.700"></status>
</kw>
<status status="PASS" starttime="20200319 14:40:53.607" endtime="20200319 14:40:53.700"></status>
</kw>
<doc>This is test 2</doc>
<tags>
<tag>Test2</tag>
</tags>
<status status="PASS" starttime="20200319 14:40:53.606" endtime="20200319 14:40:53.700" critical="yes"></status>
</test>
<test id="s1-t3" name="Verify price after adding the items">
<kw name="Add Items" library="GlobalKeywords">
<kw name="Click Button" library="SeleniumLibrary">
<doc>Clicks the button identified by ``locator``.</doc>
<arguments>
<arg>xpath://input[@id= 'ContentPlaceHolder2_btnPaint4']</arg>
</arguments>
<msg timestamp="20200319 14:40:53.703" level="INFO">Clicking button 'xpath://input[@id= 'ContentPlaceHolder2_btnPaint4']'.</msg>
<status status="PASS" starttime="20200319 14:40:53.703" endtime="20200319 14:40:55.537"></status>
</kw>
<kw name="Sleep" library="BuiltIn">
<doc>Pauses the test executed for the given time.</doc>
<arguments>
<arg>3s</arg>
</arguments>
<msg timestamp="20200319 14:40:58.539" level="INFO">Slept 3 seconds</msg>
<status status="PASS" starttime="20200319 14:40:55.538" endtime="20200319 14:40:58.539"></status>
</kw>
<kw name="Click Button" library="SeleniumLibrary">
<doc>Clicks the button identified by ``locator``.</doc>
<arguments>
<arg>xpath://input[@id= 'ContentPlaceHolder2_btnPaint3']</arg>
</arguments>
<msg timestamp="20200319 14:40:58.539" level="INFO">Clicking button 'xpath://input[@id= 'ContentPlaceHolder2_btnPaint3']'.</msg>
<status status="PASS" starttime="20200319 14:40:58.539" endtime="20200319 14:40:59.863"></status>
</kw>
<status status="PASS" starttime="20200319 14:40:53.703" endtime="20200319 14:40:59.863"></status>
</kw>
<kw name="Verify Price" library="GlobalKeywords">
<kw name="Get Text" library="SeleniumLibrary">
<doc>Returns the text value of the element identified by ``locator``.</doc>
<arguments>
<arg>xpath=//span[@id='ContentPlaceHolder2_rptProductList_txtTotal']</arg>
</arguments>
<assign>
<var>${total_value}</var>
</assign>
<msg timestamp="20200319 14:40:59.908" level="INFO">${total_value} = 2500</msg>
<status status="PASS" starttime="20200319 14:40:59.864" endtime="20200319 14:40:59.908"></status>
</kw>
<kw name="Log To Console" library="BuiltIn">
<doc>Logs the given message to the console.</doc>
<arguments>
<arg>${total_value}</arg>
</arguments>
<status status="PASS" starttime="20200319 14:40:59.909" endtime="20200319 14:40:59.909"></status>
</kw>
<status status="PASS" starttime="20200319 14:40:59.863" endtime="20200319 14:40:59.909"></status>
</kw>
<kw name="Check Out" library="GlobalKeywords">
<kw name="Click Button" library="SeleniumLibrary">
<doc>Clicks the button identified by ``locator``.</doc>
<arguments>
<arg>xpath://input[@value= 'Check Out']</arg>
</arguments>
<msg timestamp="20200319 14:40:59.910" level="INFO">Clicking button 'xpath://input[@value= 'Check Out']'.</msg>
<status status="PASS" starttime="20200319 14:40:59.910" endtime="20200319 14:41:15.084"></status>
</kw>
<status status="PASS" starttime="20200319 14:40:59.910" endtime="20200319 14:41:15.084"></status>
</kw>
<doc>This is test 3</doc>
<tags>
<tag>Test3</tag>
</tags>
<status status="PASS" starttime="20200319 14:40:53.702" endtime="20200319 14:41:15.085" critical="yes"></status>
</test>
<test id="s1-t4" name="To verify page is loaded">
<kw name="Verify &quot;Customer Detail&quot; page is loaded" library="GlobalKeywords">
<kw name="Page Should Contain Element" library="SeleniumLibrary">
<doc>Verifies that element ``locator`` is found on the current page.</doc>
<arguments>
<arg>xpath=/html/body/div[3]/div</arg>
</arguments>
<msg timestamp="20200319 14:41:15.106" level="INFO">Current page contains element 'xpath=/html/body/div[3]/div'.</msg>
<status status="PASS" starttime="20200319 14:41:15.087" endtime="20200319 14:41:15.106"></status>
</kw>
<status status="PASS" starttime="20200319 14:41:15.087" endtime="20200319 14:41:15.106"></status>
</kw>
<doc>This is test 4</doc>
<tags>
<tag>Test4</tag>
</tags>
<status status="PASS" starttime="20200319 14:41:15.086" endtime="20200319 14:41:15.107" critical="yes"></status>
</test>
<test id="s1-t5" name="To verify able to fill the customer details">
<kw name="Select the Country" library="GlobalKeywords">
<kw name="Select From List By Label" library="SeleniumLibrary">
<doc>Selects options from selection list ``locator`` by ``labels``.</doc>
<arguments>
<arg>xpath://select[@id='ContentPlaceHolder2_ddlCountry']</arg>
<arg>THAILAND</arg>
</arguments>
<msg timestamp="20200319 14:41:15.111" level="INFO">Selecting options from selection list 'xpath://select[@id='ContentPlaceHolder2_ddlCountry']' by label THAILAND.</msg>
<status status="PASS" starttime="20200319 14:41:15.110" endtime="20200319 14:41:15.176"></status>
</kw>
<kw name="Sleep" library="BuiltIn">
<doc>Pauses the test executed for the given time.</doc>
<arguments>
<arg>10s</arg>
</arguments>
<msg timestamp="20200319 14:41:25.177" level="INFO">Slept 10 seconds</msg>
<status status="PASS" starttime="20200319 14:41:15.177" endtime="20200319 14:41:25.177"></status>
</kw>
<status status="PASS" starttime="20200319 14:41:15.110" endtime="20200319 14:41:25.178"></status>
</kw>
<kw name="Merchant ID" library="GlobalKeywords">
<kw name="Clear Element Text" library="SeleniumLibrary">
<doc>Clears the value of the text-input-element identified by ``locator``.</doc>
<arguments>
<arg>xpath://input[@id='ContentPlaceHolder2_txtMerchantID']</arg>
</arguments>
<status status="PASS" starttime="20200319 14:41:25.178" endtime="20200319 14:41:25.238"></status>
</kw>
<kw name="Input Text" library="SeleniumLibrary">
<doc>Types the given ``text`` into the text field identified by ``locator``.</doc>
<arguments>
<arg>xpath://input[@id='ContentPlaceHolder2_txtMerchantID']</arg>
<arg>merchant@shopping.com</arg>
</arguments>
<msg timestamp="20200319 14:41:25.239" level="INFO">Typing text 'merchant@shopping.com' into text field 'xpath://input[@id='ContentPlaceHolder2_txtMerchantID']'.</msg>
<status status="PASS" starttime="20200319 14:41:25.239" endtime="20200319 14:41:56.408"></status>
</kw>
<kw name="Click Element" library="SeleniumLibrary">
<doc>Click the element identified by ``locator``.</doc>
<arguments>
<arg>xpath://input[@name='ctl00$ContentPlaceHolder2$txtSecretKey']</arg>
</arguments>
<msg timestamp="20200319 14:41:56.409" level="INFO">Clicking element 'xpath://input[@name='ctl00$ContentPlaceHolder2$txtSecretKey']'.</msg>
<status status="PASS" starttime="20200319 14:41:56.409" endtime="20200319 14:42:02.996"></status>
</kw>
<kw name="Sleep" library="BuiltIn">
<doc>Pauses the test executed for the given time.</doc>
<arguments>
<arg>8s</arg>
</arguments>
<msg timestamp="20200319 14:42:10.997" level="INFO">Slept 8 seconds</msg>
<status status="PASS" starttime="20200319 14:42:02.996" endtime="20200319 14:42:10.997"></status>
</kw>
<status status="PASS" starttime="20200319 14:41:25.178" endtime="20200319 14:42:10.998"></status>
</kw>
<kw name="Mobile No." library="GlobalKeywords">
<kw name="Input Text" library="SeleniumLibrary">
<doc>Types the given ``text`` into the text field identified by ``locator``.</doc>
<arguments>
<arg>xpath://input[@id='ContentPlaceHolder2_txtMobile']</arg>
<arg>7798304854</arg>
</arguments>
<msg timestamp="20200319 14:42:10.999" level="INFO">Typing text '7798304854' into text field 'xpath://input[@id='ContentPlaceHolder2_txtMobile']'.</msg>
<status status="PASS" starttime="20200319 14:42:10.998" endtime="20200319 14:42:11.161"></status>
</kw>
<status status="PASS" starttime="20200319 14:42:10.998" endtime="20200319 14:42:11.161"></status>
</kw>
<kw name="Email" library="GlobalKeywords">
<kw name="Input Text" library="SeleniumLibrary">
<doc>Types the given ``text`` into the text field identified by ``locator``.</doc>
<arguments>
<arg>xpath://input[@id='ContentPlaceHolder2_txtEmail']</arg>
<arg>nitin.bor@2c2pexternal.com</arg>
</arguments>
<msg timestamp="20200319 14:42:11.163" level="INFO">Typing text 'nitin.bor@2c2pexternal.com' into text field 'xpath://input[@id='ContentPlaceHolder2_txtEmail']'.</msg>
<status status="PASS" starttime="20200319 14:42:11.162" endtime="20200319 14:42:11.452"></status>
</kw>
<status status="PASS" starttime="20200319 14:42:11.161" endtime="20200319 14:42:11.452"></status>
</kw>
<kw name="Name" library="GlobalKeywords">
<kw name="Input Text" library="SeleniumLibrary">
<doc>Types the given ``text`` into the text field identified by ``locator``.</doc>
<arguments>
<arg>xpath://input[@id='ContentPlaceHolder2_txtName']</arg>
<arg>nitin</arg>
</arguments>
<msg timestamp="20200319 14:42:11.453" level="INFO">Typing text 'nitin' into text field 'xpath://input[@id='ContentPlaceHolder2_txtName']'.</msg>
<status status="PASS" starttime="20200319 14:42:11.452" endtime="20200319 14:42:11.569"></status>
</kw>
<status status="PASS" starttime="20200319 14:42:11.452" endtime="20200319 14:42:11.569"></status>
</kw>
<kw name="AgentCode" library="GlobalKeywords">
<kw name="Select From List By Label" library="SeleniumLibrary">
<doc>Selects options from selection list ``locator`` by ``labels``.</doc>
<arguments>
<arg>xpath://select[@id='ContentPlaceHolder2_ddlAgentCode']</arg>
<arg>BANGKOKPAY</arg>
</arguments>
<msg timestamp="20200319 14:42:11.570" level="INFO">Selecting options from selection list 'xpath://select[@id='ContentPlaceHolder2_ddlAgentCode']' by label BANGKOKPAY.</msg>
<status status="PASS" starttime="20200319 14:42:11.570" endtime="20200319 14:42:11.636"></status>
</kw>
<status status="PASS" starttime="20200319 14:42:11.569" endtime="20200319 14:42:11.636"></status>
</kw>
<kw name="Generate XML" library="GlobalKeywords">
<kw name="Sleep" library="BuiltIn">
<doc>Pauses the test executed for the given time.</doc>
<arguments>
<arg>3s</arg>
</arguments>
<msg timestamp="20200319 14:42:14.639" level="INFO">Slept 3 seconds</msg>
<status status="PASS" starttime="20200319 14:42:11.637" endtime="20200319 14:42:14.639"></status>
</kw>
<kw name="Scroll Element Into View" library="SeleniumLibrary">
<doc>Scrolls the element identified by ``locator`` into view.</doc>
<arguments>
<arg>xpath://input[@name='ctl00$ContentPlaceHolder2$btnXml']</arg>
</arguments>
<status status="PASS" starttime="20200319 14:42:14.639" endtime="20200319 14:42:15.181"></status>
</kw>
<kw name="Click Button" library="SeleniumLibrary">
<doc>Clicks the button identified by ``locator``.</doc>
<arguments>
<arg>xpath://input[@name='ctl00$ContentPlaceHolder2$btnXml']</arg>
</arguments>
<msg timestamp="20200319 14:42:15.182" level="INFO">Clicking button 'xpath://input[@name='ctl00$ContentPlaceHolder2$btnXml']'.</msg>
<status status="PASS" starttime="20200319 14:42:15.181" endtime="20200319 14:42:37.532"></status>
</kw>
<kw name="Sleep" library="BuiltIn">
<doc>Pauses the test executed for the given time.</doc>
<arguments>
<arg>2s</arg>
</arguments>
<msg timestamp="20200319 14:42:39.534" level="INFO">Slept 2 seconds</msg>
<status status="PASS" starttime="20200319 14:42:37.532" endtime="20200319 14:42:39.534"></status>
</kw>
<status status="PASS" starttime="20200319 14:42:11.637" endtime="20200319 14:42:39.534"></status>
</kw>
<kw name="Post To 1-2-3" library="GlobalKeywords">
<kw name="Click Button" library="SeleniumLibrary">
<doc>Clicks the button identified by ``locator``.</doc>
<arguments>
<arg>xpath://input[@value='Post to 1-2-3']</arg>
</arguments>
<msg timestamp="20200319 14:42:39.535" level="INFO">Clicking button 'xpath://input[@value='Post to 1-2-3']'.</msg>
<status status="PASS" starttime="20200319 14:42:39.535" endtime="20200319 14:43:39.057"></status>
</kw>
<status status="PASS" starttime="20200319 14:42:39.535" endtime="20200319 14:43:39.058"></status>
</kw>
<doc>This is test 5</doc>
<tags>
<tag>Test5</tag>
</tags>
<status status="PASS" starttime="20200319 14:41:15.109" endtime="20200319 14:43:39.059" critical="yes"></status>
</test>
<test id="s1-t6" name="To verify Payment Page">
<kw name="Verify Payment Page" library="GlobalKeywords">
<kw name="Sleep" library="BuiltIn">
<doc>Pauses the test executed for the given time.</doc>
<arguments>
<arg>3s</arg>
</arguments>
<msg timestamp="20200319 14:43:42.061" level="INFO">Slept 3 seconds</msg>
<status status="PASS" starttime="20200319 14:43:39.060" endtime="20200319 14:43:42.061"></status>
</kw>
<kw name="Capture Page Screenshot" library="SeleniumLibrary">
<doc>Takes a screenshot of the current page and embeds it into a log file.</doc>
<msg timestamp="20200319 14:43:42.515" level="INFO" html="yes">&lt;/td&gt;&lt;/tr&gt;&lt;tr&gt;&lt;td colspan="3"&gt;&lt;a href="selenium-screenshot-19.png"&gt;&lt;img src="selenium-screenshot-19.png" width="800px"&gt;&lt;/a&gt;</msg>
<status status="PASS" starttime="20200319 14:43:42.061" endtime="20200319 14:43:42.515"></status>
</kw>
<kw name="Page Should Contain Element" library="SeleniumLibrary">
<doc>Verifies that element ``locator`` is found on the current page.</doc>
<arguments>
<arg>xpath=/html/body/div[1]/div[3]/div[1]/div/ul/li[1]/span[1]</arg>
<arg>Payment Code (Ref.1)</arg>
</arguments>
<msg timestamp="20200319 14:43:42.534" level="INFO">Current page contains element 'xpath=/html/body/div[1]/div[3]/div[1]/div/ul/li[1]/span[1]'.</msg>
<status status="PASS" starttime="20200319 14:43:42.515" endtime="20200319 14:43:42.534"></status>
</kw>
<kw name="Page Should Contain Element" library="SeleniumLibrary">
<doc>Verifies that element ``locator`` is found on the current page.</doc>
<arguments>
<arg>xpath=/html/body/div[1]/div[3]/div[1]/div/ul/li[2]/span[1]</arg>
<arg>Amount ( THB )</arg>
</arguments>
<msg timestamp="20200319 14:43:42.551" level="INFO">Current page contains element 'xpath=/html/body/div[1]/div[3]/div[1]/div/ul/li[2]/span[1]'.</msg>
<status status="PASS" starttime="20200319 14:43:42.534" endtime="20200319 14:43:42.551"></status>
</kw>
<kw name="Page Should Contain Element" library="SeleniumLibrary">
<doc>Verifies that element ``locator`` is found on the current page.</doc>
<arguments>
<arg>xpath=/html/body/div[1]/div[3]/div[1]/div/div[2]/span[1]</arg>
<arg>Mobile No. (Ref.2)</arg>
</arguments>
<msg timestamp="20200319 14:43:42.567" level="INFO">Current page contains element 'xpath=/html/body/div[1]/div[3]/div[1]/div/div[2]/span[1]'.</msg>
<status status="PASS" starttime="20200319 14:43:42.551" endtime="20200319 14:43:42.567"></status>
</kw>
<status status="PASS" starttime="20200319 14:43:39.060" endtime="20200319 14:43:42.567"></status>
</kw>
<doc>This is test 6</doc>
<tags>
<tag>Test6</tag>
</tags>
<status status="PASS" starttime="20200319 14:43:39.059" endtime="20200319 14:43:42.568" critical="yes"></status>
</test>
<kw name="Ending the test" library="GlobalKeywords" type="teardown">
<kw name="Close Browser" library="SeleniumLibrary">
<doc>Closes the current browser.</doc>
<status status="PASS" starttime="20200319 14:43:42.570" endtime="20200319 14:43:44.798"></status>
</kw>
<status status="PASS" starttime="20200319 14:43:42.570" endtime="20200319 14:43:44.798"></status>
</kw>
<status status="PASS" starttime="20200319 14:40:20.611" endtime="20200319 14:43:44.798"></status>
</suite>
<statistics>
<total>
<stat pass="6" fail="0">Critical Tests</stat>
<stat pass="6" fail="0">All Tests</stat>
</total>
<tag>
<stat pass="1" fail="0">Test1</stat>
<stat pass="1" fail="0">Test2</stat>
<stat pass="1" fail="0">Test3</stat>
<stat pass="1" fail="0">Test4</stat>
<stat pass="1" fail="0">Test5</stat>
<stat pass="1" fail="0">Test6</stat>
</tag>
<suite>
<stat pass="6" fail="0" id="s1" name="123 Test Cases">123 Test Cases</stat>
</suite>
</statistics>
<errors>
</errors>
</robot>
